<?xml version="1.0" encoding="UTF-8"?>
<!-- Generated by org.testng.reporters.JUnitXMLReporter -->
<testsuite ignored="2" hostname="Memory" failures="0" tests="1" name="CAR Loan" time="0.012" errors="0" timestamp="2022-08-29T19:16:15 CEST">
  <testcase classname="TestPackage.Day3" name="MobileLogincarLoan" time="0.003"/>
  <testcase classname="TestPackage.Day3" name="WeblogincarLoan" time="0.0">
    <ignored/>
  </testcase> <!-- WeblogincarLoan -->
  <testcase classname="TestPackage.Day3" name="LoginAPIcarLoan" time="0.0">
    <ignored/>
  </testcase> <!-- LoginAPIcarLoan -->
</testsuite> <!-- CAR Loan -->
