<?xml version="1.0" encoding="UTF-8"?>
<!-- Generated by org.testng.reporters.JUnitXMLReporter -->
<testsuite ignored="0" hostname="Memory" failures="0" tests="6" name="Personal Loan" time="0.237" errors="0" timestamp="2022-08-29T19:16:15 CEST">
  <testcase classname="TestPackage.Day1" name="Demo" time="0.022"/>
  <testcase classname="TestPackage.Day1" name="Demo2" time="0.006"/>
  <testcase classname="TestPackage.Day2" name="Ploan" time="0.008"/>
  <testcase classname="TestPackage.Day4" name="LoginAPIHOMELoan" time="0.006"/>
  <testcase classname="TestPackage.Day4" name="MobileLoginHOMELoan" time="0.004"/>
  <testcase classname="TestPackage.Day4" name="WebloginHOMELoan" time="0.035"/>
</testsuite> <!-- Personal Loan -->
